Build started 10/15/2015 10:11:48 AM.
     1>Project "C:\Users\jwick\Documents\Visual Studio 2010\Projects\bgslibrary\bgslibrary\bgslibrary.vcxproj" on node 2 (build target(s)).
     1>InitializeBuildStatus:
         Creating "Release\bgslibrary.unsuccessfulbuild" because "AlwaysCreate" was specified.
       ClCompile:
         c:\Program Files (x86)\Microsoft Visual Studio 10.0\VC\bin\CL.exe /c /Zi /nologo /W3 /WX- /O2 /Oi /Oy- /GL /D WIN32 /D NDEBUG /D _CONSOLE /D _UNICODE /D UNICODE /Gm- /EHsc /MD /GS /Gy /fp:precise /Zc:wchar_t /Zc:forScope /Fo"Release\\" /Fd"Release\vc100.pdb" /Gd /TP /analyze- /errorReport:prompt ..\..\..\..\..\..\..\kickme\bgslibrary\Demo.cpp
         Demo.cpp
       Link:
         c:\Program Files (x86)\Microsoft Visual Studio 10.0\VC\bin\link.exe /ERRORREPORT:PROMPT /OUT:"C:\Users\jwick\Documents\Visual Studio 2010\Projects\bgslibrary\Release\bgslibrary.exe" /INCREMENTAL:NO /NOLOGO opencv_calib3d2411.lib opencv_contrib2411.lib opencv_core2411.lib opencv_features2d2411.lib opencv_flann2411.lib opencv_gpu2411.lib opencv_highgui2411.lib opencv_imgproc2411.lib opencv_legacy2411.lib opencv_ml2411.lib opencv_nonfree2411.lib opencv_objdetect2411.lib opencv_ocl2411.lib opencv_photo2411.lib opencv_stitching2411.lib opencv_superres2411.lib opencv_ts2411.lib opencv_video2411.lib opencv_videostab2411.lib kernel32.lib user32.lib gdi32.lib winspool.lib comdlg32.lib advapi32.lib shell32.lib ole32.lib oleaut32.lib uuid.lib odbc32.lib odbccp32.lib /MANIFEST /ManifestFile:"Release\bgslibrary.exe.intermediate.manifest" /MANIFESTUAC:"level='asInvoker' uiAccess='false'" /DEBUG /PDB:"C:\Users\jwick\Documents\Visual Studio 2010\Projects\bgslibrary\Release\bgslibrary.pdb" /SUBSYSTEM:CONSOLE /OPT:REF /OPT:ICF /LTCG /TLBID:1 /DYNAMICBASE /NXCOMPAT /IMPLIB:"C:\Users\jwick\Documents\Visual Studio 2010\Projects\bgslibrary\Release\bgslibrary.lib" /MACHINE:X86 Release\Demo.obj
         Release\ForegroundMaskAnalysis.obj
         Release\AdaptiveBackgroundLearning.obj
         Release\AdaptiveSelectiveBackgroundLearning.obj
         Release\FrameDifferenceBGS.obj
         Release\GMG.obj
         Release\MixtureOfGaussianV1BGS.obj
         Release\MixtureOfGaussianV2BGS.obj
         Release\StaticFrameDifferenceBGS.obj
         Release\WeightedMovingMeanBGS.obj
         Release\WeightedMovingVarianceBGS.obj
         Generating code
         Finished generating code
         bgslibrary.vcxproj -> C:\Users\jwick\Documents\Visual Studio 2010\Projects\bgslibrary\Release\bgslibrary.exe
       Manifest:
         C:\Program Files (x86)\Microsoft SDKs\Windows\v7.0A\bin\mt.exe /nologo /verbose /outputresource:"C:\Users\jwick\Documents\Visual Studio 2010\Projects\bgslibrary\Release\bgslibrary.exe;#1" /manifest Release\bgslibrary.exe.intermediate.manifest
       FinalizeBuildStatus:
         Deleting file "Release\bgslibrary.unsuccessfulbuild".
         Touching "Release\bgslibrary.lastbuildstate".
     1>Done Building Project "C:\Users\jwick\Documents\Visual Studio 2010\Projects\bgslibrary\bgslibrary\bgslibrary.vcxproj" (build target(s)).

Build succeeded.

Time Elapsed 00:00:07.65
