C:\USERS\JWICK\DOCUMENTS\VISUAL STUDIO 2010\PROJECTS\BGSLIBRARY\BGSLIBRARY\RELEASE\ADAPTIVEBACKGROUNDLEARNING.OBJ
C:\USERS\JWICK\DOCUMENTS\VISUAL STUDIO 2010\PROJECTS\BGSLIBRARY\BGSLIBRARY\RELEASE\ADAPTIVESELECTIVEBACKGROUNDLEARNING.OBJ
C:\USERS\JWICK\DOCUMENTS\VISUAL STUDIO 2010\PROJECTS\BGSLIBRARY\BGSLIBRARY\RELEASE\BGSLIBRARY.EXE.INTERMEDIATE.MANIFEST
C:\Users\jwick\Documents\Visual Studio 2010\Projects\bgslibrary\bgslibrary\Release\bgslibrary.write.1.tlog
C:\Users\jwick\Documents\Visual Studio 2010\Projects\bgslibrary\bgslibrary\Release\cl.command.1.tlog
C:\Users\jwick\Documents\Visual Studio 2010\Projects\bgslibrary\bgslibrary\Release\CL.read.1.tlog
C:\Users\jwick\Documents\Visual Studio 2010\Projects\bgslibrary\bgslibrary\Release\CL.write.1.tlog
C:\USERS\JWICK\DOCUMENTS\VISUAL STUDIO 2010\PROJECTS\BGSLIBRARY\BGSLIBRARY\RELEASE\DEMO.OBJ
C:\USERS\JWICK\DOCUMENTS\VISUAL STUDIO 2010\PROJECTS\BGSLIBRARY\BGSLIBRARY\RELEASE\FOREGROUNDMASKANALYSIS.OBJ
C:\USERS\JWICK\DOCUMENTS\VISUAL STUDIO 2010\PROJECTS\BGSLIBRARY\BGSLIBRARY\RELEASE\FRAMEDIFFERENCEBGS.OBJ
C:\USERS\JWICK\DOCUMENTS\VISUAL STUDIO 2010\PROJECTS\BGSLIBRARY\BGSLIBRARY\RELEASE\GMG.OBJ
C:\Users\jwick\Documents\Visual Studio 2010\Projects\bgslibrary\bgslibrary\Release\link.command.1.tlog
C:\Users\jwick\Documents\Visual Studio 2010\Projects\bgslibrary\bgslibrary\Release\link.read.1.tlog
C:\Users\jwick\Documents\Visual Studio 2010\Projects\bgslibrary\bgslibrary\Release\link.write.1.tlog
C:\USERS\JWICK\DOCUMENTS\VISUAL STUDIO 2010\PROJECTS\BGSLIBRARY\BGSLIBRARY\RELEASE\MIXTUREOFGAUSSIANV1BGS.OBJ
C:\USERS\JWICK\DOCUMENTS\VISUAL STUDIO 2010\PROJECTS\BGSLIBRARY\BGSLIBRARY\RELEASE\MIXTUREOFGAUSSIANV2BGS.OBJ
C:\Users\jwick\Documents\Visual Studio 2010\Projects\bgslibrary\bgslibrary\Release\mt.command.1.tlog
C:\Users\jwick\Documents\Visual Studio 2010\Projects\bgslibrary\bgslibrary\Release\mt.read.1.tlog
C:\Users\jwick\Documents\Visual Studio 2010\Projects\bgslibrary\bgslibrary\Release\mt.write.1.tlog
C:\USERS\JWICK\DOCUMENTS\VISUAL STUDIO 2010\PROJECTS\BGSLIBRARY\BGSLIBRARY\RELEASE\STATICFRAMEDIFFERENCEBGS.OBJ
C:\USERS\JWICK\DOCUMENTS\VISUAL STUDIO 2010\PROJECTS\BGSLIBRARY\BGSLIBRARY\RELEASE\VC100.PDB
C:\USERS\JWICK\DOCUMENTS\VISUAL STUDIO 2010\PROJECTS\BGSLIBRARY\BGSLIBRARY\RELEASE\WEIGHTEDMOVINGMEANBGS.OBJ
C:\USERS\JWICK\DOCUMENTS\VISUAL STUDIO 2010\PROJECTS\BGSLIBRARY\BGSLIBRARY\RELEASE\WEIGHTEDMOVINGVARIANCEBGS.OBJ
C:\USERS\JWICK\DOCUMENTS\VISUAL STUDIO 2010\PROJECTS\BGSLIBRARY\RELEASE\BGSLIBRARY.EXE
C:\USERS\JWICK\DOCUMENTS\VISUAL STUDIO 2010\PROJECTS\BGSLIBRARY\RELEASE\BGSLIBRARY.PDB
