Build started 9/23/2015 5:46:15 PM.
     1>Project "C:\Users\jwick\Documents\Visual Studio 2010\Projects\bgslibrary\bgslibrary\bgslibrary.vcxproj" on node 2 (build target(s)).
     1>InitializeBuildStatus:
         Creating "Debug\bgslibrary.unsuccessfulbuild" because "AlwaysCreate" was specified.
       ClCompile:
         c:\Program Files (x86)\Microsoft Visual Studio 10.0\VC\bin\CL.exe /c /ZI /nologo /W3 /WX- /Od /Oy- /D WIN32 /D _DEBUG /D _CONSOLE /D _UNICODE /D UNICODE /Gm /EHsc /RTC1 /MDd /GS /fp:precise /Zc:wchar_t /Zc:forScope /Fo"Debug\\" /Fd"Debug\vc100.pdb" /Gd /TP /analyze- /errorReport:prompt ..\..\..\..\..\..\..\kickme\bgslibrary\package_bgs\FrameDifferenceBGS.cpp
         FrameDifferenceBGS.cpp
     1>c:\kickme\bgslibrary\package_bgs\framedifferencebgs.cpp(78): warning C4800: 'int' : forcing value to bool 'true' or 'false' (performance warning)
     1>c:\kickme\bgslibrary\package_bgs\framedifferencebgs.cpp(80): warning C4800: 'int' : forcing value to bool 'true' or 'false' (performance warning)
       ManifestResourceCompile:
         All outputs are up-to-date.
       Link:
         c:\Program Files (x86)\Microsoft Visual Studio 10.0\VC\bin\link.exe /ERRORREPORT:PROMPT /OUT:"C:\Users\jwick\Documents\Visual Studio 2010\Projects\bgslibrary\Debug\bgslibrary.exe" /INCREMENTAL /NOLOGO opencv_calib3d2411d.lib opencv_contrib2411d.lib opencv_core2411d.lib opencv_features2d2411d.lib opencv_flann2411d.lib opencv_gpu2411d.lib opencv_highgui2411d.lib opencv_imgproc2411d.lib opencv_legacy2411d.lib opencv_ml2411d.lib opencv_nonfree2411d.lib opencv_objdetect2411d.lib opencv_ocl2411d.lib opencv_photo2411d.lib opencv_stitching2411d.lib opencv_superres2411d.lib opencv_ts2411d.lib opencv_video2411d.lib opencv_videostab2411d.lib kernel32.lib user32.lib gdi32.lib winspool.lib comdlg32.lib advapi32.lib shell32.lib ole32.lib oleaut32.lib uuid.lib odbc32.lib odbccp32.lib /MANIFEST /ManifestFile:"Debug\bgslibrary.exe.intermediate.manifest" /MANIFESTUAC:"level='asInvoker' uiAccess='false'" /DEBUG /PDB:"C:\Users\jwick\Documents\Visual Studio 2010\Projects\bgslibrary\Debug\bgslibrary.pdb" /SUBSYSTEM:CONSOLE /TLBID:1 /DYNAMICBASE /NXCOMPAT /IMPLIB:"C:\Users\jwick\Documents\Visual Studio 2010\Projects\bgslibrary\Debug\bgslibrary.lib" /MACHINE:X86 Debug\bgslibrary.exe.embed.manifest.res
         Debug\Demo.obj
         Debug\ForegroundMaskAnalysis.obj
         Debug\AdaptiveBackgroundLearning.obj
         Debug\AdaptiveSelectiveBackgroundLearning.obj
         Debug\FrameDifferenceBGS.obj
         Debug\GMG.obj
         Debug\MixtureOfGaussianV1BGS.obj
         Debug\MixtureOfGaussianV2BGS.obj
         Debug\StaticFrameDifferenceBGS.obj
         Debug\WeightedMovingMeanBGS.obj
         Debug\WeightedMovingVarianceBGS.obj
       Manifest:
         C:\Program Files (x86)\Microsoft SDKs\Windows\v7.0A\bin\mt.exe /nologo /verbose /out:"Debug\bgslibrary.exe.embed.manifest" /manifest Debug\bgslibrary.exe.intermediate.manifest
         All outputs are up-to-date.
       LinkEmbedManifest:
         All outputs are up-to-date.
         bgslibrary.vcxproj -> C:\Users\jwick\Documents\Visual Studio 2010\Projects\bgslibrary\Debug\bgslibrary.exe
       FinalizeBuildStatus:
         Deleting file "Debug\bgslibrary.unsuccessfulbuild".
         Touching "Debug\bgslibrary.lastbuildstate".
     1>Done Building Project "C:\Users\jwick\Documents\Visual Studio 2010\Projects\bgslibrary\bgslibrary\bgslibrary.vcxproj" (build target(s)).

Build succeeded.

Time Elapsed 00:00:04.15
